\BOOKMARK [0][-]{chapter.1}{Introduction}{}% 1
\BOOKMARK [1][-]{section.1.1}{Motivation}{chapter.1}% 2
\BOOKMARK [1][-]{section.1.2}{Objectives}{chapter.1}% 3
\BOOKMARK [0][-]{chapter.2}{Background}{}% 4
\BOOKMARK [1][-]{section.2.1}{Website Vulnerabilities}{chapter.2}% 5
\BOOKMARK [1][-]{section.2.2}{Vulnerability Scanners}{chapter.2}% 6
\BOOKMARK [2][-]{subsection.2.2.1}{Black Box}{section.2.2}% 7
\BOOKMARK [2][-]{subsection.2.2.2}{Automated scanning}{section.2.2}% 8
\BOOKMARK [1][-]{section.2.3}{Browser extensions}{chapter.2}% 9
\BOOKMARK [1][-]{section.2.4}{Limitations}{chapter.2}% 10
\BOOKMARK [2][-]{subsection.2.4.1}{Human review}{section.2.4}% 11
\BOOKMARK [2][-]{subsection.2.4.2}{Breadth of work}{section.2.4}% 12
\BOOKMARK [2][-]{subsection.2.4.3}{Self security}{section.2.4}% 13
\BOOKMARK [2][-]{subsection.2.4.4}{Ethics \046 Handling of Results}{section.2.4}% 14
\BOOKMARK [0][-]{chapter.3}{Evaluation}{}% 15
\BOOKMARK [1][-]{section.3.1}{Intended functionality}{chapter.3}% 16
\BOOKMARK [1][-]{section.3.2}{Metrics of success}{chapter.3}% 17
\BOOKMARK [2][-]{subsection.3.2.1}{Correct reporting}{section.3.2}% 18
\BOOKMARK [2][-]{subsection.3.2.2}{False positives}{section.3.2}% 19
\BOOKMARK [2][-]{subsection.3.2.3}{Code coverage}{section.3.2}% 20
\BOOKMARK [2][-]{subsection.3.2.4}{Usability}{section.3.2}% 21
\BOOKMARK [1][-]{section.3.3}{Experiments}{chapter.3}% 22
\BOOKMARK [2][-]{subsection.3.3.1}{Benchmarks}{section.3.3}% 23
\BOOKMARK [2][-]{subsection.3.3.2}{Ease of use}{section.3.3}% 24
\BOOKMARK [2][-]{subsection.3.3.3}{Educational purpose}{section.3.3}% 25
\BOOKMARK [1][-]{section.3.4}{Intellectual contributions}{chapter.3}% 26
\BOOKMARK [0][-]{chapter.4}{Project Plan}{}% 27
