\BOOKMARK [0][-]{chapter.1}{Introduction}{}% 1
\BOOKMARK [1][-]{section.1.1}{Motivation}{chapter.1}% 2
\BOOKMARK [1][-]{section.1.2}{Objectives}{chapter.1}% 3
\BOOKMARK [0][-]{chapter.2}{Background}{}% 4
\BOOKMARK [1][-]{section.2.1}{Website Vulnerabilities}{chapter.2}% 5
\BOOKMARK [1][-]{section.2.2}{Related Work}{chapter.2}% 6
\BOOKMARK [2][-]{subsection.2.2.1}{Black Box}{section.2.2}% 7
\BOOKMARK [2][-]{subsection.2.2.2}{Automated Vulnerability Scanners}{section.2.2}% 8
\BOOKMARK [1][-]{section.2.3}{Browser extensions}{chapter.2}% 9
\BOOKMARK [1][-]{section.2.4}{Project Contribution}{chapter.2}% 10
\BOOKMARK [1][-]{section.2.5}{Limitations}{chapter.2}% 11
\BOOKMARK [2][-]{subsection.2.5.1}{Time taken}{section.2.5}% 12
\BOOKMARK [2][-]{subsection.2.5.2}{Breadth of work}{section.2.5}% 13
\BOOKMARK [2][-]{subsection.2.5.3}{Self security}{section.2.5}% 14
\BOOKMARK [2][-]{subsection.2.5.4}{Ethics \046 Handling of Results}{section.2.5}% 15
\BOOKMARK [0][-]{chapter.3}{Product Design}{}% 16
\BOOKMARK [0][-]{chapter.4}{Product Design}{}% 17
\BOOKMARK [0][-]{chapter.5}{Evaluation}{}% 18
\BOOKMARK [1][-]{section.5.1}{Intended functionality}{chapter.5}% 19
\BOOKMARK [1][-]{section.5.2}{Metrics of success}{chapter.5}% 20
\BOOKMARK [1][-]{section.5.3}{Experiments}{chapter.5}% 21
\BOOKMARK [2][-]{subsection.5.3.1}{Test benches}{section.5.3}% 22
\BOOKMARK [2][-]{subsection.5.3.2}{Test methodology}{section.5.3}% 23
\BOOKMARK [0][-]{chapter.6}{Future Work}{}% 24
\BOOKMARK [0][-]{chapter.7}{Conclusion}{}% 25
\BOOKMARK [0][-]{appendix.A}{First Appendix}{}% 26
